\BOOKMARK [1][-]{section.1}{\376\377\151\202\217\360}{}% 1
\BOOKMARK [1][-]{section.2}{\376\377\143\007\116\344\213\321\170\001}{}% 2
\BOOKMARK [2][-]{subsection.2.1}{\376\377\217\320\173\227\143\007\116\344}{section.2}% 3
\BOOKMARK [3][-]{subsubsection.2.1.1}{\376\377\173\227\147\057\217\320\173\227\000\040\000\040\220\073\217\221\217\320\173\227}{subsection.2.1}% 4
\BOOKMARK [3][-]{subsubsection.2.1.2}{\376\377\171\373\117\115\217\320\173\227}{subsection.2.1}% 5
\BOOKMARK [2][-]{subsection.2.2}{\376\377\122\006\145\057\143\007\116\344}{section.2}% 6
\BOOKMARK [3][-]{subsubsection.2.2.1}{\376\377\145\340\147\141\116\366\215\363\217\154}{subsection.2.2}% 7
\BOOKMARK [3][-]{subsubsection.2.2.2}{\376\377\147\011\147\141\116\366\215\363\217\154}{subsection.2.2}% 8
\BOOKMARK [2][-]{subsection.2.3}{\376\377\213\277\133\130\143\007\116\344}{section.2}% 9
\BOOKMARK [2][-]{subsection.2.4}{\376\377\145\160\143\156\171\373\122\250\143\007\116\344}{section.2}% 10
\BOOKMARK [2][-]{subsection.2.5}{\376\377\162\171\147\103\143\007\116\344\124\214\201\352\226\167\143\007\116\344}{section.2}% 11
\BOOKMARK [1][-]{section.3}{\376\377\145\160\143\156\220\032\215\357\162\171\137\201}{}% 12
\BOOKMARK [2][-]{subsection.3.1}{\376\377\217\320\173\227\143\007\116\344}{section.3}% 13
\BOOKMARK [2][-]{subsection.3.2}{\376\377\122\006\145\057\215\363\217\154}{section.3}% 14
\BOOKMARK [3][-]{subsubsection.3.2.1}{\376\377\147\011\147\141\116\366\215\363\217\154}{subsection.3.2}% 15
\BOOKMARK [3][-]{subsubsection.3.2.2}{\376\377\145\340\147\141\116\366\215\363\217\154}{subsection.3.2}% 16
\BOOKMARK [2][-]{subsection.3.3}{\376\377\213\277\133\130\143\007\116\344}{section.3}% 17
\BOOKMARK [3][-]{subsubsection.3.3.1}{\376\377\000l\000o\000a\000d}{subsection.3.3}% 18
\BOOKMARK [3][-]{subsubsection.3.3.2}{\376\377\000s\000t\000o\000r\000e}{subsection.3.3}% 19
\BOOKMARK [2][-]{subsection.3.4}{\376\377\145\160\143\156\171\373\122\250\143\007\116\344}{section.3}% 20
\BOOKMARK [2][-]{subsection.3.5}{\376\377\121\163\116\216\000P\000C}{section.3}% 21
\BOOKMARK [2][-]{subsection.3.6}{\376\377\121\163\116\216\000R\000F}{section.3}% 22
\BOOKMARK [2][-]{subsection.3.7}{\376\377\121\163\116\216\133\130\120\250\126\150}{section.3}% 23
\BOOKMARK [1][-]{section.4}{\376\377\133\236\232\214\217\307\172\013\213\260\137\125}{}% 24
\BOOKMARK [2][-]{subsection.4.1}{\376\377\225\356\230\230\116\016\211\343\121\263\145\271\150\110}{section.4}% 25
